<?xml version="1.0" encoding="UTF-8"?>
<!-- Generated by org.testng.reporters.JUnitXMLReporter -->
<testsuite ignored="0" hostname="LTIN201348" failures="0" tests="7" name="TestOnEdge" time="1.821" errors="0" timestamp="2024-02-27T15:52:13 IST">
  <testcase classname="zigobjects.NewTest1" name="pagevalidation" time="0.0">
    <skipped/>
  </testcase> <!-- pagevalidation -->
  <testcase classname="zigobjects.NewTest1" name="displaybikedata" time="0.0">
    <skipped/>
  </testcase> <!-- displaybikedata -->
  <testcase classname="zigobjects.NewTest1" name="displayusedcars" time="0.0">
    <skipped/>
  </testcase> <!-- displayusedcars -->
  <testcase classname="zigobjects.NewTest1" name="returntomainpage" time="0.001">
    <skipped/>
  </testcase> <!-- returntomainpage -->
  <testcase classname="zigobjects.NewTest1" name="clickonlogin" time="0.001">
    <skipped/>
  </testcase> <!-- clickonlogin -->
  <testcase classname="zigobjects.NewTest1" name="clickgoogle" time="0.001">
    <skipped/>
  </testcase> <!-- clickgoogle -->
  <testcase classname="zigobjects.NewTest1" name="errormessage" time="0.0">
    <skipped/>
  </testcase> <!-- errormessage -->
</testsuite> <!-- TestOnEdge -->
