<?xml version="1.0" encoding="UTF-8"?>
<!-- Generated by org.testng.reporters.JUnitXMLReporter -->
<testsuite ignored="0" hostname="LTIN201348" failures="0" tests="8" name="Test" time="116.272" errors="0" timestamp="2024-03-04T10:59:10 IST">
  <testcase classname="testCases.Testcase" name="pagevalidation" time="9.991"/>
  <testcase classname="testCases.Testcase" name="displaybikedata" time="1.934"/>
  <testcase classname="testCases.Testcase" name="displayusedcars" time="48.244"/>
  <testcase classname="testCases.Testcase" name="printcarsexcel" time="10.397"/>
  <testcase classname="testCases.Testcase" name="returntomainpage" time="5.977"/>
  <testcase classname="testCases.Testcase" name="clickonlogin" time="0.968"/>
  <testcase classname="testCases.Testcase" name="clickgoogle" time="0.984"/>
  <testcase classname="testCases.Testcase" name="errormessage" time="7.8"/>
</testsuite> <!-- Test -->
