<?xml version="1.0" encoding="UTF-8"?>
<testng-results ignored="0" total="8" passed="8" failed="0" skipped="0">
  <reporter-output>
  </reporter-output>
  <suite started-at="2024-03-04T10:57:13 IST" name="Suite" finished-at="2024-03-04T10:59:09 IST" duration-ms="116272">
    <groups>
    </groups>
    <test started-at="2024-03-04T10:57:13 IST" name="Test" finished-at="2024-03-04T10:59:09 IST" duration-ms="116272">
      <class name="testCases.Testcase">
        <test-method is-config="true" signature="openUrl(java.lang.String,java.lang.String)[pri:0, instance:testCases.Testcase@6440112d]" started-at="2024-03-04T10:57:14 IST" name="openUrl" finished-at="2024-03-04T10:57:32 IST" duration-ms="17849" status="PASS">
          <params>
            <param index="0">
              <value>
                <![CDATA[windows]]>
              </value>
            </param>
            <param index="1">
              <value>
                <![CDATA[chrome]]>
              </value>
            </param>
          </params>
          <reporter-output>
          </reporter-output>
        </test-method> <!-- openUrl -->
        <test-method signature="pagevalidation()[pri:1, instance:testCases.Testcase@6440112d]" started-at="2024-03-04T10:57:32 IST" name="pagevalidation" finished-at="2024-03-04T10:57:42 IST" duration-ms="9991" status="PASS">
          <reporter-output>
          </reporter-output>
        </test-method> <!-- pagevalidation -->
        <test-method signature="displaybikedata()[pri:2, instance:testCases.Testcase@6440112d]" started-at="2024-03-04T10:57:44 IST" name="displaybikedata" finished-at="2024-03-04T10:57:46 IST" duration-ms="1934" status="PASS">
          <reporter-output>
          </reporter-output>
        </test-method> <!-- displaybikedata -->
        <test-method signature="displayusedcars()[pri:3, instance:testCases.Testcase@6440112d]" started-at="2024-03-04T10:57:46 IST" name="displayusedcars" finished-at="2024-03-04T10:58:35 IST" duration-ms="48244" status="PASS">
          <reporter-output>
          </reporter-output>
        </test-method> <!-- displayusedcars -->
        <test-method signature="printcarsexcel()[pri:4, instance:testCases.Testcase@6440112d]" started-at="2024-03-04T10:58:36 IST" name="printcarsexcel" finished-at="2024-03-04T10:58:46 IST" duration-ms="10397" status="PASS">
          <reporter-output>
          </reporter-output>
        </test-method> <!-- printcarsexcel -->
        <test-method signature="returntomainpage()[pri:5, instance:testCases.Testcase@6440112d]" started-at="2024-03-04T10:58:47 IST" name="returntomainpage" finished-at="2024-03-04T10:58:53 IST" duration-ms="5977" status="PASS">
          <reporter-output>
          </reporter-output>
        </test-method> <!-- returntomainpage -->
        <test-method signature="clickonlogin()[pri:6, instance:testCases.Testcase@6440112d]" started-at="2024-03-04T10:58:54 IST" name="clickonlogin" finished-at="2024-03-04T10:58:55 IST" duration-ms="968" status="PASS">
          <reporter-output>
          </reporter-output>
        </test-method> <!-- clickonlogin -->
        <test-method signature="clickgoogle()[pri:7, instance:testCases.Testcase@6440112d]" started-at="2024-03-04T10:58:56 IST" name="clickgoogle" finished-at="2024-03-04T10:58:57 IST" duration-ms="984" status="PASS">
          <reporter-output>
          </reporter-output>
        </test-method> <!-- clickgoogle -->
        <test-method signature="errormessage()[pri:8, instance:testCases.Testcase@6440112d]" started-at="2024-03-04T10:58:57 IST" name="errormessage" finished-at="2024-03-04T10:59:05 IST" duration-ms="7800" status="PASS">
          <reporter-output>
          </reporter-output>
        </test-method> <!-- errormessage -->
        <test-method is-config="true" signature="closeBowser()[pri:0, instance:testCases.Testcase@6440112d]" started-at="2024-03-04T10:59:05 IST" name="closeBowser" finished-at="2024-03-04T10:59:09 IST" duration-ms="4182" status="PASS">
          <reporter-output>
          </reporter-output>
        </test-method> <!-- closeBowser -->
      </class> <!-- testCases.Testcase -->
    </test> <!-- Test -->
  </suite> <!-- Suite -->
</testng-results>
